<?xml version="1.0" encoding="UTF-8"?>
<!-- Generated by org.testng.reporters.JUnitReportReporter -->
<testsuite hostname="Abhay" failures="0" tests="1" name="com.nopCommerce1.TestCases.TC_LoginTest_001" time="13.722" errors="0" timestamp="2024-03-24T00:35:11 IST" skipped="0">
  <testcase classname="com.nopCommerce1.TestCases.TC_LoginTest_001" name="loginTest" time="13.722"/>
  <system-out/>
</testsuite> <!-- com.nopCommerce1.TestCases.TC_LoginTest_001 -->
